[2021-05-13 08:17:02.617] [memgraph_log] [warning] No snapshot or WAL file found!
[2021-05-13 08:17:02.972] [memgraph_log] [warning] Using non-secure Bolt connection (without SSL)
[2021-05-13 08:23:13.132] [memgraph_log] [info] Memory limit set to 12.38GiB
[2021-05-13 08:23:13.136] [memgraph_log] [info] Recovering persisted data using snapshot ("/var/lib/memgraph/snapshots") and WAL directory ("/var/lib/memgraph/wal").
[2021-05-13 08:23:13.138] [memgraph_log] [info] No snapshot file was found, collecting information from WAL directory "/var/lib/memgraph/wal".
[2021-05-13 08:23:13.141] [memgraph_log] [warning] No snapshot or WAL file found!
[2021-05-13 08:23:13.142] [memgraph_log] [info] Loading module "/usr/lib/memgraph/query_modules/mgp_networkx.py"...
[2021-05-13 08:23:13.439] [memgraph_log] [info] Loaded module "/usr/lib/memgraph/query_modules/mgp_networkx.py"
[2021-05-13 08:23:13.439] [memgraph_log] [info] Loading module "/usr/lib/memgraph/query_modules/wcc.py"...
[2021-05-13 08:23:13.441] [memgraph_log] [info] Loaded module "/usr/lib/memgraph/query_modules/wcc.py"
[2021-05-13 08:23:13.441] [memgraph_log] [info] Loading module "/usr/lib/memgraph/query_modules/graph_analyzer.py"...
[2021-05-13 08:23:13.444] [memgraph_log] [info] Loaded module "/usr/lib/memgraph/query_modules/graph_analyzer.py"
[2021-05-13 08:23:13.444] [memgraph_log] [info] Loading module "/usr/lib/memgraph/query_modules/py_example.py"...
[2021-05-13 08:23:13.445] [memgraph_log] [info] Loaded module "/usr/lib/memgraph/query_modules/py_example.py"
[2021-05-13 08:23:13.446] [memgraph_log] [info] Loading module "/usr/lib/memgraph/query_modules/example.so"...
[2021-05-13 08:23:13.446] [memgraph_log] [info] Loaded module "/usr/lib/memgraph/query_modules/example.so"
[2021-05-13 08:23:13.447] [memgraph_log] [info] Loading module "/usr/lib/memgraph/query_modules/nxalg.py"...
[2021-05-13 08:23:13.475] [memgraph_log] [info] Loaded module "/usr/lib/memgraph/query_modules/nxalg.py"
[2021-05-13 08:23:13.476] [memgraph_log] [warning] Using non-secure Bolt connection (without SSL)
[2021-05-13 08:23:13.626] [memgraph_log] [info] Starting 8 Bolt workers
[2021-05-13 08:23:13.627] [memgraph_log] [info] Bolt server is fully armed and operational
[2021-05-13 08:23:13.627] [memgraph_log] [info] Bolt listening on 0.0.0.0:7687
[2021-05-13 08:28:13.148] [memgraph_log] [info] Starting snapshot creation to "/var/lib/memgraph/snapshots/20210513082813148496_timestamp_0"
[2021-05-13 08:28:13.160] [memgraph_log] [info] Snapshot creation successful!
[2021-05-13 08:31:33.962] [memgraph_log] [info] Memory limit set to 12.38GiB
[2021-05-13 08:31:33.966] [memgraph_log] [critical] Assertion failed with message: 'Couldn't acquire lock on the storage directory "/var/lib/memgraph"!
Another Memgraph process is currently running with the same storage directory, please stop it first before starting this process!'
[2021-05-13 08:31:38.473] [memgraph_log] [info] Memory limit set to 12.38GiB
[2021-05-13 08:31:38.476] [memgraph_log] [critical] Assertion failed with message: 'Couldn't acquire lock on the storage directory "/var/lib/memgraph"!
Another Memgraph process is currently running with the same storage directory, please stop it first before starting this process!'
[2021-05-13 08:31:43.976] [memgraph_log] [info] Memory limit set to 12.38GiB
[2021-05-13 08:31:43.979] [memgraph_log] [critical] Assertion failed with message: 'Couldn't acquire lock on the storage directory "/var/lib/memgraph"!
Another Memgraph process is currently running with the same storage directory, please stop it first before starting this process!'
[2021-05-13 08:31:47.519] [memgraph_log] [info] Memory limit set to 12.38GiB
[2021-05-13 08:31:47.522] [memgraph_log] [critical] Assertion failed with message: 'Couldn't acquire lock on the storage directory "/var/lib/memgraph"!
Another Memgraph process is currently running with the same storage directory, please stop it first before starting this process!'
[2021-05-13 08:32:30.819] [memgraph_log] [info] Memory limit set to 12.38GiB
[2021-05-13 08:32:30.822] [memgraph_log] [critical] Assertion failed with message: 'Couldn't acquire lock on the storage directory "/var/lib/memgraph"!
Another Memgraph process is currently running with the same storage directory, please stop it first before starting this process!'
[2021-05-13 08:33:13.147] [memgraph_log] [info] Starting snapshot creation to "/var/lib/memgraph/snapshots/20210513083313147553_timestamp_1"
[2021-05-13 08:33:13.157] [memgraph_log] [info] Snapshot creation successful!
[2021-05-13 08:37:10.711] [memgraph_log] [info] Bolt shutting down...
[2021-05-13 08:37:10.871] [memgraph_log] [info] Closing module "/usr/lib/memgraph/query_modules/wcc.py"...
[2021-05-13 08:37:10.871] [memgraph_log] [info] Closed module "/usr/lib/memgraph/query_modules/wcc.py"
[2021-05-13 08:37:10.871] [memgraph_log] [info] Closing module "/usr/lib/memgraph/query_modules/py_example.py"...
[2021-05-13 08:37:10.872] [memgraph_log] [info] Closed module "/usr/lib/memgraph/query_modules/py_example.py"
[2021-05-13 08:37:10.872] [memgraph_log] [info] Closing module "/usr/lib/memgraph/query_modules/nxalg.py"...
[2021-05-13 08:37:10.873] [memgraph_log] [info] Closed module "/usr/lib/memgraph/query_modules/nxalg.py"
[2021-05-13 08:37:10.873] [memgraph_log] [info] Closing module "/usr/lib/memgraph/query_modules/mgp_networkx.py"...
[2021-05-13 08:37:10.873] [memgraph_log] [info] Closed module "/usr/lib/memgraph/query_modules/mgp_networkx.py"
[2021-05-13 08:37:10.873] [memgraph_log] [info] Closing module "/usr/lib/memgraph/query_modules/graph_analyzer.py"...
[2021-05-13 08:37:10.873] [memgraph_log] [info] Closed module "/usr/lib/memgraph/query_modules/graph_analyzer.py"
[2021-05-13 08:37:10.874] [memgraph_log] [info] Closing module "/usr/lib/memgraph/query_modules/example.so"...
[2021-05-13 08:37:10.874] [memgraph_log] [info] Closed module "/usr/lib/memgraph/query_modules/example.so"
[2021-05-13 08:37:11.529] [memgraph_log] [info] Starting snapshot creation to "/var/lib/memgraph/snapshots/20210513083711529018_timestamp_2"
[2021-05-13 08:37:11.532] [memgraph_log] [info] Snapshot creation successful!
[2021-05-13 08:37:11.561] [memgraph_log] [info] Peak memory usage: 9.78MiB
[2021-05-13 08:47:11.934] [memgraph_log] [info] Memory limit set to 12.38GiB
[2021-05-13 08:47:11.937] [memgraph_log] [info] Recovering persisted data using snapshot ("/var/lib/memgraph/snapshots") and WAL directory ("/var/lib/memgraph/wal").
[2021-05-13 08:47:11.940] [memgraph_log] [info] Try recovering from snapshot directory "/var/lib/memgraph/snapshots".
[2021-05-13 08:47:11.941] [memgraph_log] [info] Starting snapshot recovery from "/var/lib/memgraph/snapshots/20210513084711905144_timestamp_30".
[2021-05-13 08:47:11.942] [memgraph_log] [info] Recovering 10 vertices and 5 edges.
[2021-05-13 08:47:11.942] [memgraph_log] [info] Recovering mapper metadata.
[2021-05-13 08:47:11.942] [memgraph_log] [info] Recovering 5 edges.
[2021-05-13 08:47:11.942] [memgraph_log] [debug] Recovering edge 0 with properties.
[2021-05-13 08:47:11.943] [memgraph_log] [debug] Recovering edge 1 with properties.
[2021-05-13 08:47:11.943] [memgraph_log] [debug] Recovering edge 2 with properties.
[2021-05-13 08:47:11.943] [memgraph_log] [debug] Recovering edge 3 with properties.
[2021-05-13 08:47:11.943] [memgraph_log] [debug] Recovering edge 4 with properties.
[2021-05-13 08:47:11.943] [memgraph_log] [info] Edges are recovered.
[2021-05-13 08:47:11.943] [memgraph_log] [info] Recovering 10 vertices.
[2021-05-13 08:47:11.943] [memgraph_log] [debug] Recovering vertex 0.
[2021-05-13 08:47:11.943] [memgraph_log] [trace] Recovering labels for vertex 0.
[2021-05-13 08:47:11.944] [memgraph_log] [trace] Recovering properties for vertex 0.
[2021-05-13 08:47:11.944] [memgraph_log] [debug] Recovering vertex 1.
[2021-05-13 08:47:11.944] [memgraph_log] [trace] Recovering labels for vertex 1.
[2021-05-13 08:47:11.944] [memgraph_log] [trace] Recovering properties for vertex 1.
[2021-05-13 08:47:11.944] [memgraph_log] [debug] Recovering vertex 2.
[2021-05-13 08:47:11.944] [memgraph_log] [trace] Recovering labels for vertex 2.
[2021-05-13 08:47:11.944] [memgraph_log] [trace] Recovering properties for vertex 2.
[2021-05-13 08:47:11.944] [memgraph_log] [debug] Recovering vertex 3.
[2021-05-13 08:47:11.944] [memgraph_log] [trace] Recovering labels for vertex 3.
[2021-05-13 08:47:11.944] [memgraph_log] [trace] Recovering properties for vertex 3.
[2021-05-13 08:47:11.945] [memgraph_log] [debug] Recovering vertex 4.
[2021-05-13 08:47:11.945] [memgraph_log] [trace] Recovering labels for vertex 4.
[2021-05-13 08:47:11.945] [memgraph_log] [trace] Recovering properties for vertex 4.
[2021-05-13 08:47:11.945] [memgraph_log] [debug] Recovering vertex 5.
[2021-05-13 08:47:11.945] [memgraph_log] [trace] Recovering labels for vertex 5.
[2021-05-13 08:47:11.945] [memgraph_log] [trace] Recovering properties for vertex 5.
[2021-05-13 08:47:11.945] [memgraph_log] [debug] Recovering vertex 6.
[2021-05-13 08:47:11.945] [memgraph_log] [trace] Recovering labels for vertex 6.
[2021-05-13 08:47:11.945] [memgraph_log] [trace] Recovering properties for vertex 6.
[2021-05-13 08:47:11.946] [memgraph_log] [debug] Recovering vertex 7.
[2021-05-13 08:47:11.946] [memgraph_log] [trace] Recovering labels for vertex 7.
[2021-05-13 08:47:11.946] [memgraph_log] [trace] Recovering properties for vertex 7.
[2021-05-13 08:47:11.946] [memgraph_log] [debug] Recovering vertex 8.
[2021-05-13 08:47:11.946] [memgraph_log] [trace] Recovering labels for vertex 8.
[2021-05-13 08:47:11.946] [memgraph_log] [trace] Recovering properties for vertex 8.
[2021-05-13 08:47:11.946] [memgraph_log] [debug] Recovering vertex 9.
[2021-05-13 08:47:11.946] [memgraph_log] [trace] Recovering labels for vertex 9.
[2021-05-13 08:47:11.946] [memgraph_log] [trace] Recovering properties for vertex 9.
[2021-05-13 08:47:11.947] [memgraph_log] [info] Vertices are recovered.
[2021-05-13 08:47:11.947] [memgraph_log] [info] Recovering connectivity.
[2021-05-13 08:47:11.947] [memgraph_log] [trace] Recovering connectivity for vertex 0.
[2021-05-13 08:47:11.947] [memgraph_log] [trace] Recovering inbound edges for vertex 0.
[2021-05-13 08:47:11.947] [memgraph_log] [trace] Recovering outbound edges for vertex 0.
[2021-05-13 08:47:11.947] [memgraph_log] [trace] Recovering connectivity for vertex 1.
[2021-05-13 08:47:11.947] [memgraph_log] [trace] Recovering inbound edges for vertex 1.
[2021-05-13 08:47:11.947] [memgraph_log] [trace] Recovering outbound edges for vertex 1.
[2021-05-13 08:47:11.947] [memgraph_log] [trace] Recovering connectivity for vertex 2.
[2021-05-13 08:47:11.948] [memgraph_log] [trace] Recovering inbound edges for vertex 2.
[2021-05-13 08:47:11.948] [memgraph_log] [trace] Recovering outbound edges for vertex 2.
[2021-05-13 08:47:11.948] [memgraph_log] [trace] Recovering connectivity for vertex 3.
[2021-05-13 08:47:11.948] [memgraph_log] [trace] Recovering inbound edges for vertex 3.
[2021-05-13 08:47:11.948] [memgraph_log] [trace] Recovering outbound edges for vertex 3.
[2021-05-13 08:47:11.948] [memgraph_log] [trace] Recovering connectivity for vertex 4.
[2021-05-13 08:47:11.948] [memgraph_log] [trace] Recovering inbound edges for vertex 4.
[2021-05-13 08:47:11.948] [memgraph_log] [trace] Recovering outbound edges for vertex 4.
[2021-05-13 08:47:11.948] [memgraph_log] [trace] Recovering connectivity for vertex 5.
[2021-05-13 08:47:11.948] [memgraph_log] [trace] Recovering inbound edges for vertex 5.
[2021-05-13 08:47:11.949] [memgraph_log] [trace] Recovering outbound edges for vertex 5.
[2021-05-13 08:47:11.949] [memgraph_log] [trace] Recovering connectivity for vertex 6.
[2021-05-13 08:47:11.949] [memgraph_log] [trace] Recovering inbound edges for vertex 6.
[2021-05-13 08:47:11.949] [memgraph_log] [trace] Recovering outbound edges for vertex 6.
[2021-05-13 08:47:11.949] [memgraph_log] [trace] Recovering connectivity for vertex 7.
[2021-05-13 08:47:11.949] [memgraph_log] [trace] Recovering inbound edges for vertex 7.
[2021-05-13 08:47:11.949] [memgraph_log] [trace] Recovering outbound edges for vertex 7.
[2021-05-13 08:47:11.949] [memgraph_log] [trace] Recovering connectivity for vertex 8.
[2021-05-13 08:47:11.949] [memgraph_log] [trace] Recovering inbound edges for vertex 8.
[2021-05-13 08:47:11.950] [memgraph_log] [trace] Recovering outbound edges for vertex 8.
[2021-05-13 08:47:11.950] [memgraph_log] [trace] Recovering connectivity for vertex 9.
[2021-05-13 08:47:11.950] [memgraph_log] [trace] Recovering inbound edges for vertex 9.
[2021-05-13 08:47:11.950] [memgraph_log] [trace] Recovering outbound edges for vertex 9.
[2021-05-13 08:47:11.950] [memgraph_log] [info] Connectivity is recovered.
[2021-05-13 08:47:11.950] [memgraph_log] [info] Recovering metadata of indices.
[2021-05-13 08:47:11.950] [memgraph_log] [info] Recovering metadata of 0 label indices.
[2021-05-13 08:47:11.950] [memgraph_log] [info] Metadata of label indices are recovered.
[2021-05-13 08:47:11.951] [memgraph_log] [info] Recovering metadata of 0 label+property indices.
[2021-05-13 08:47:11.951] [memgraph_log] [info] Metadata of label+property indices are recovered.
[2021-05-13 08:47:11.951] [memgraph_log] [info] Metadata of indices are recovered.
[2021-05-13 08:47:11.951] [memgraph_log] [info] Recovering metadata of constraints.
[2021-05-13 08:47:11.951] [memgraph_log] [info] Recovering metadata of 0 existence constraints.
[2021-05-13 08:47:11.951] [memgraph_log] [info] Metadata of existence constraints are recovered.
[2021-05-13 08:47:11.951] [memgraph_log] [info] Recovering metadata of 0 unique constraints.
[2021-05-13 08:47:11.951] [memgraph_log] [info] Metadata of unique constraints are recovered.
[2021-05-13 08:47:11.951] [memgraph_log] [info] Metadata of constraints are recovered.
[2021-05-13 08:47:11.952] [memgraph_log] [info] Recovering metadata.
[2021-05-13 08:47:11.952] [memgraph_log] [info] Metadata recovered.
[2021-05-13 08:47:11.952] [memgraph_log] [info] Snapshot recovery successful!
[2021-05-13 08:47:11.954] [memgraph_log] [info] Recreating indices from metadata.
[2021-05-13 08:47:11.954] [memgraph_log] [info] Recreating 0 label indices from metadata.
[2021-05-13 08:47:11.954] [memgraph_log] [info] Label indices are recreated.
[2021-05-13 08:47:11.955] [memgraph_log] [info] Recreating 0 label+property indices from metadata.
[2021-05-13 08:47:11.955] [memgraph_log] [info] Label+property indices are recreated.
[2021-05-13 08:47:11.955] [memgraph_log] [info] Indices are recreated.
[2021-05-13 08:47:11.955] [memgraph_log] [info] Recreating constraints from metadata.
[2021-05-13 08:47:11.955] [memgraph_log] [info] Recreating 0 existence constraints from metadata.
[2021-05-13 08:47:11.955] [memgraph_log] [info] Existence constraints are recreated from metadata.
[2021-05-13 08:47:11.955] [memgraph_log] [info] Recreating 0 unique constraints from metadata.
[2021-05-13 08:47:11.955] [memgraph_log] [info] Unique constraints are recreated from metadata.
[2021-05-13 08:47:11.955] [memgraph_log] [info] Constraints are recreated from metadata.
[2021-05-13 08:47:11.957] [memgraph_log] [info] Loading module "/usr/lib/memgraph/query_modules/mgp_networkx.py"...
[2021-05-13 08:47:12.252] [memgraph_log] [info] Loaded module "/usr/lib/memgraph/query_modules/mgp_networkx.py"
[2021-05-13 08:47:12.252] [memgraph_log] [info] Loading module "/usr/lib/memgraph/query_modules/wcc.py"...
[2021-05-13 08:47:12.254] [memgraph_log] [info] Loaded module "/usr/lib/memgraph/query_modules/wcc.py"
[2021-05-13 08:47:12.254] [memgraph_log] [info] Loading module "/usr/lib/memgraph/query_modules/graph_analyzer.py"...
[2021-05-13 08:47:12.257] [memgraph_log] [info] Loaded module "/usr/lib/memgraph/query_modules/graph_analyzer.py"
[2021-05-13 08:47:12.257] [memgraph_log] [info] Loading module "/usr/lib/memgraph/query_modules/py_example.py"...
[2021-05-13 08:47:12.259] [memgraph_log] [info] Loaded module "/usr/lib/memgraph/query_modules/py_example.py"
[2021-05-13 08:47:12.259] [memgraph_log] [info] Loading module "/usr/lib/memgraph/query_modules/example.so"...
[2021-05-13 08:47:12.260] [memgraph_log] [info] Loaded module "/usr/lib/memgraph/query_modules/example.so"
[2021-05-13 08:47:12.260] [memgraph_log] [info] Loading module "/usr/lib/memgraph/query_modules/nxalg.py"...
[2021-05-13 08:47:12.286] [memgraph_log] [info] Loaded module "/usr/lib/memgraph/query_modules/nxalg.py"
[2021-05-13 08:47:12.286] [memgraph_log] [warning] Using non-secure Bolt connection (without SSL)
[2021-05-13 08:47:12.428] [memgraph_log] [info] Starting 8 Bolt workers
[2021-05-13 08:47:12.429] [memgraph_log] [info] Bolt server is fully armed and operational
[2021-05-13 08:47:12.429] [memgraph_log] [info] Bolt listening on 0.0.0.0:7687
[2021-05-13 08:47:17.978] [memgraph_log] [info] Accepted a Bolt connection from 172.21.0.1:36480
[2021-05-13 08:47:17.978] [memgraph_log] [info] Using version 1.0 of protocol
[2021-05-13 08:47:17.981] [memgraph_log] [info] Client connected 'neo4j-javascript/0.0.0-dev'
[2021-05-13 08:47:17.983] [memgraph_log] [debug] [Run] 'MATCH (n) RETURN n LIMIT 1'
[2021-05-13 08:47:18.022] [memgraph_log] [debug] [Run] 'SHOW STORAGE INFO'
[2021-05-13 08:47:18.037] [memgraph_log] [info] Accepted a Bolt connection from 172.21.0.1:36488
[2021-05-13 08:47:18.037] [memgraph_log] [info] Accepted a Bolt connection from 172.21.0.1:36486
[2021-05-13 08:47:18.039] [memgraph_log] [info] Using version 1.0 of protocol
[2021-05-13 08:47:18.039] [memgraph_log] [info] Using version 1.0 of protocol
[2021-05-13 08:47:18.042] [memgraph_log] [info] Client connected 'neo4j-javascript/0.0.0-dev'
[2021-05-13 08:47:18.042] [memgraph_log] [info] Client connected 'neo4j-javascript/0.0.0-dev'
[2021-05-13 08:47:18.044] [memgraph_log] [debug] [Run] 'MATCH (n) RETURN COUNT(n) AS cnt'
[2021-05-13 08:47:18.044] [memgraph_log] [debug] [Run] 'MATCH (n) RETURN COUNT(n) AS cnt'
[2021-05-13 08:47:18.068] [memgraph_log] [info] Accepted a Bolt connection from 172.21.0.1:36492
[2021-05-13 08:47:18.068] [memgraph_log] [info] Using version 1.0 of protocol
[2021-05-13 08:47:18.070] [memgraph_log] [info] Client connected 'neo4j-javascript/0.0.0-dev'
[2021-05-13 08:47:18.071] [memgraph_log] [debug] [Run] 'SHOW STORAGE INFO'
[2021-05-13 08:47:20.161] [memgraph_log] [debug] [Run] 'MATCH (n) RETURN COUNT(n) AS cnt'
[2021-05-13 08:47:23.660] [memgraph_log] [debug] [Run] 'MATCH (n) RETURN n'
[2021-05-13 08:47:29.706] [memgraph_log] [debug] [Run] 'MATCH (n) RETURN COUNT(n) AS cnt'
[2021-05-13 08:47:33.507] [memgraph_log] [debug] [Run] 'MATCH (n) DETACH DELETE n'
[2021-05-13 08:47:34.590] [memgraph_log] [debug] [Run] 'SHOW STORAGE INFO'
[2021-05-13 08:47:34.590] [memgraph_log] [debug] [Run] 'MATCH (n) RETURN COUNT(n) AS cnt'
[2021-05-13 08:47:34.590] [memgraph_log] [debug] [Run] 'MATCH (n) RETURN COUNT(n) AS cnt'
[2021-05-13 08:47:39.595] [memgraph_log] [debug] [Run] 'MATCH (n) RETURN COUNT(n) AS cnt'
[2021-05-13 08:47:39.595] [memgraph_log] [debug] [Run] 'SHOW STORAGE INFO'
[2021-05-13 08:47:44.583] [memgraph_log] [debug] [Run] 'MATCH (n) RETURN COUNT(n) AS cnt'
[2021-05-13 08:47:44.583] [memgraph_log] [debug] [Run] 'SHOW STORAGE INFO'
[2021-05-13 08:47:54.902] [memgraph_log] [info] Memory limit set to 12.38GiB
[2021-05-13 08:47:54.905] [memgraph_log] [info] Recovering persisted data using snapshot ("/var/lib/memgraph/snapshots") and WAL directory ("/var/lib/memgraph/wal").
[2021-05-13 08:47:54.908] [memgraph_log] [info] Try recovering from snapshot directory "/var/lib/memgraph/snapshots".
[2021-05-13 08:47:54.909] [memgraph_log] [info] Starting snapshot recovery from "/var/lib/memgraph/snapshots/20210513084754866608_timestamp_30".
[2021-05-13 08:47:54.910] [memgraph_log] [info] Recovering 10 vertices and 5 edges.
[2021-05-13 08:47:54.910] [memgraph_log] [info] Recovering mapper metadata.
[2021-05-13 08:47:54.910] [memgraph_log] [info] Recovering 5 edges.
[2021-05-13 08:47:54.911] [memgraph_log] [debug] Recovering edge 0 with properties.
[2021-05-13 08:47:54.911] [memgraph_log] [debug] Recovering edge 1 with properties.
[2021-05-13 08:47:54.911] [memgraph_log] [debug] Recovering edge 2 with properties.
[2021-05-13 08:47:54.911] [memgraph_log] [debug] Recovering edge 3 with properties.
[2021-05-13 08:47:54.911] [memgraph_log] [debug] Recovering edge 4 with properties.
[2021-05-13 08:47:54.911] [memgraph_log] [info] Edges are recovered.
[2021-05-13 08:47:54.911] [memgraph_log] [info] Recovering 10 vertices.
[2021-05-13 08:47:54.912] [memgraph_log] [debug] Recovering vertex 0.
[2021-05-13 08:47:54.912] [memgraph_log] [trace] Recovering labels for vertex 0.
[2021-05-13 08:47:54.912] [memgraph_log] [trace] Recovering properties for vertex 0.
[2021-05-13 08:47:54.912] [memgraph_log] [debug] Recovering vertex 1.
[2021-05-13 08:47:54.912] [memgraph_log] [trace] Recovering labels for vertex 1.
[2021-05-13 08:47:54.912] [memgraph_log] [trace] Recovering properties for vertex 1.
[2021-05-13 08:47:54.913] [memgraph_log] [debug] Recovering vertex 2.
[2021-05-13 08:47:54.913] [memgraph_log] [trace] Recovering labels for vertex 2.
[2021-05-13 08:47:54.913] [memgraph_log] [trace] Recovering properties for vertex 2.
[2021-05-13 08:47:54.913] [memgraph_log] [debug] Recovering vertex 3.
[2021-05-13 08:47:54.913] [memgraph_log] [trace] Recovering labels for vertex 3.
[2021-05-13 08:47:54.913] [memgraph_log] [trace] Recovering properties for vertex 3.
[2021-05-13 08:47:54.913] [memgraph_log] [debug] Recovering vertex 4.
[2021-05-13 08:47:54.913] [memgraph_log] [trace] Recovering labels for vertex 4.
[2021-05-13 08:47:54.913] [memgraph_log] [trace] Recovering properties for vertex 4.
[2021-05-13 08:47:54.914] [memgraph_log] [debug] Recovering vertex 5.
[2021-05-13 08:47:54.914] [memgraph_log] [trace] Recovering labels for vertex 5.
[2021-05-13 08:47:54.914] [memgraph_log] [trace] Recovering properties for vertex 5.
[2021-05-13 08:47:54.914] [memgraph_log] [debug] Recovering vertex 6.
[2021-05-13 08:47:54.914] [memgraph_log] [trace] Recovering labels for vertex 6.
[2021-05-13 08:47:54.914] [memgraph_log] [trace] Recovering properties for vertex 6.
[2021-05-13 08:47:54.914] [memgraph_log] [debug] Recovering vertex 7.
[2021-05-13 08:47:54.914] [memgraph_log] [trace] Recovering labels for vertex 7.
[2021-05-13 08:47:54.914] [memgraph_log] [trace] Recovering properties for vertex 7.
[2021-05-13 08:47:54.915] [memgraph_log] [debug] Recovering vertex 8.
[2021-05-13 08:47:54.915] [memgraph_log] [trace] Recovering labels for vertex 8.
[2021-05-13 08:47:54.915] [memgraph_log] [trace] Recovering properties for vertex 8.
[2021-05-13 08:47:54.915] [memgraph_log] [debug] Recovering vertex 9.
[2021-05-13 08:47:54.915] [memgraph_log] [trace] Recovering labels for vertex 9.
[2021-05-13 08:47:54.915] [memgraph_log] [trace] Recovering properties for vertex 9.
[2021-05-13 08:47:54.915] [memgraph_log] [info] Vertices are recovered.
[2021-05-13 08:47:54.915] [memgraph_log] [info] Recovering connectivity.
[2021-05-13 08:47:54.916] [memgraph_log] [trace] Recovering connectivity for vertex 0.
[2021-05-13 08:47:54.916] [memgraph_log] [trace] Recovering inbound edges for vertex 0.
[2021-05-13 08:47:54.916] [memgraph_log] [trace] Recovering outbound edges for vertex 0.
[2021-05-13 08:47:54.916] [memgraph_log] [trace] Recovering connectivity for vertex 1.
[2021-05-13 08:47:54.916] [memgraph_log] [trace] Recovering inbound edges for vertex 1.
[2021-05-13 08:47:54.916] [memgraph_log] [trace] Recovering outbound edges for vertex 1.
[2021-05-13 08:47:54.916] [memgraph_log] [trace] Recovering connectivity for vertex 2.
[2021-05-13 08:47:54.916] [memgraph_log] [trace] Recovering inbound edges for vertex 2.
[2021-05-13 08:47:54.916] [memgraph_log] [trace] Recovering outbound edges for vertex 2.
[2021-05-13 08:47:54.917] [memgraph_log] [trace] Recovering connectivity for vertex 3.
[2021-05-13 08:47:54.917] [memgraph_log] [trace] Recovering inbound edges for vertex 3.
[2021-05-13 08:47:54.917] [memgraph_log] [trace] Recovering outbound edges for vertex 3.
[2021-05-13 08:47:54.917] [memgraph_log] [trace] Recovering connectivity for vertex 4.
[2021-05-13 08:47:54.917] [memgraph_log] [trace] Recovering inbound edges for vertex 4.
[2021-05-13 08:47:54.917] [memgraph_log] [trace] Recovering outbound edges for vertex 4.
[2021-05-13 08:47:54.917] [memgraph_log] [trace] Recovering connectivity for vertex 5.
[2021-05-13 08:47:54.917] [memgraph_log] [trace] Recovering inbound edges for vertex 5.
[2021-05-13 08:47:54.917] [memgraph_log] [trace] Recovering outbound edges for vertex 5.
[2021-05-13 08:47:54.918] [memgraph_log] [trace] Recovering connectivity for vertex 6.
[2021-05-13 08:47:54.918] [memgraph_log] [trace] Recovering inbound edges for vertex 6.
[2021-05-13 08:47:54.918] [memgraph_log] [trace] Recovering outbound edges for vertex 6.
[2021-05-13 08:47:54.918] [memgraph_log] [trace] Recovering connectivity for vertex 7.
[2021-05-13 08:47:54.918] [memgraph_log] [trace] Recovering inbound edges for vertex 7.
[2021-05-13 08:47:54.918] [memgraph_log] [trace] Recovering outbound edges for vertex 7.
[2021-05-13 08:47:54.918] [memgraph_log] [trace] Recovering connectivity for vertex 8.
[2021-05-13 08:47:54.918] [memgraph_log] [trace] Recovering inbound edges for vertex 8.
[2021-05-13 08:47:54.919] [memgraph_log] [trace] Recovering outbound edges for vertex 8.
[2021-05-13 08:47:54.919] [memgraph_log] [trace] Recovering connectivity for vertex 9.
[2021-05-13 08:47:54.919] [memgraph_log] [trace] Recovering inbound edges for vertex 9.
[2021-05-13 08:47:54.919] [memgraph_log] [trace] Recovering outbound edges for vertex 9.
[2021-05-13 08:47:54.919] [memgraph_log] [info] Connectivity is recovered.
[2021-05-13 08:47:54.919] [memgraph_log] [info] Recovering metadata of indices.
[2021-05-13 08:47:54.919] [memgraph_log] [info] Recovering metadata of 0 label indices.
[2021-05-13 08:47:54.919] [memgraph_log] [info] Metadata of label indices are recovered.
[2021-05-13 08:47:54.920] [memgraph_log] [info] Recovering metadata of 0 label+property indices.
[2021-05-13 08:47:54.920] [memgraph_log] [info] Metadata of label+property indices are recovered.
[2021-05-13 08:47:54.920] [memgraph_log] [info] Metadata of indices are recovered.
[2021-05-13 08:47:54.920] [memgraph_log] [info] Recovering metadata of constraints.
[2021-05-13 08:47:54.920] [memgraph_log] [info] Recovering metadata of 0 existence constraints.
[2021-05-13 08:47:54.920] [memgraph_log] [info] Metadata of existence constraints are recovered.
[2021-05-13 08:47:54.921] [memgraph_log] [info] Recovering metadata of 0 unique constraints.
[2021-05-13 08:47:54.921] [memgraph_log] [info] Metadata of unique constraints are recovered.
[2021-05-13 08:47:54.921] [memgraph_log] [info] Metadata of constraints are recovered.
[2021-05-13 08:47:54.921] [memgraph_log] [info] Recovering metadata.
[2021-05-13 08:47:54.921] [memgraph_log] [info] Metadata recovered.
[2021-05-13 08:47:54.922] [memgraph_log] [info] Snapshot recovery successful!
[2021-05-13 08:47:54.924] [memgraph_log] [info] Recreating indices from metadata.
[2021-05-13 08:47:54.924] [memgraph_log] [info] Recreating 0 label indices from metadata.
[2021-05-13 08:47:54.924] [memgraph_log] [info] Label indices are recreated.
[2021-05-13 08:47:54.924] [memgraph_log] [info] Recreating 0 label+property indices from metadata.
[2021-05-13 08:47:54.924] [memgraph_log] [info] Label+property indices are recreated.
[2021-05-13 08:47:54.924] [memgraph_log] [info] Indices are recreated.
[2021-05-13 08:47:54.925] [memgraph_log] [info] Recreating constraints from metadata.
[2021-05-13 08:47:54.925] [memgraph_log] [info] Recreating 0 existence constraints from metadata.
[2021-05-13 08:47:54.925] [memgraph_log] [info] Existence constraints are recreated from metadata.
[2021-05-13 08:47:54.925] [memgraph_log] [info] Recreating 0 unique constraints from metadata.
[2021-05-13 08:47:54.925] [memgraph_log] [info] Unique constraints are recreated from metadata.
[2021-05-13 08:47:54.925] [memgraph_log] [info] Constraints are recreated from metadata.
[2021-05-13 08:47:54.927] [memgraph_log] [info] Loading module "/usr/lib/memgraph/query_modules/mgp_networkx.py"...
[2021-05-13 08:47:55.283] [memgraph_log] [info] Loaded module "/usr/lib/memgraph/query_modules/mgp_networkx.py"
[2021-05-13 08:47:55.283] [memgraph_log] [info] Loading module "/usr/lib/memgraph/query_modules/wcc.py"...
[2021-05-13 08:47:55.285] [memgraph_log] [info] Loaded module "/usr/lib/memgraph/query_modules/wcc.py"
[2021-05-13 08:47:55.285] [memgraph_log] [info] Loading module "/usr/lib/memgraph/query_modules/graph_analyzer.py"...
[2021-05-13 08:47:55.287] [memgraph_log] [info] Loaded module "/usr/lib/memgraph/query_modules/graph_analyzer.py"
[2021-05-13 08:47:55.287] [memgraph_log] [info] Loading module "/usr/lib/memgraph/query_modules/py_example.py"...
[2021-05-13 08:47:55.288] [memgraph_log] [info] Loaded module "/usr/lib/memgraph/query_modules/py_example.py"
[2021-05-13 08:47:55.288] [memgraph_log] [info] Loading module "/usr/lib/memgraph/query_modules/example.so"...
[2021-05-13 08:47:55.289] [memgraph_log] [info] Loaded module "/usr/lib/memgraph/query_modules/example.so"
[2021-05-13 08:47:55.289] [memgraph_log] [info] Loading module "/usr/lib/memgraph/query_modules/nxalg.py"...
[2021-05-13 08:47:55.314] [memgraph_log] [info] Loaded module "/usr/lib/memgraph/query_modules/nxalg.py"
[2021-05-13 08:47:55.314] [memgraph_log] [warning] Using non-secure Bolt connection (without SSL)
[2021-05-13 08:47:55.470] [memgraph_log] [info] Starting 8 Bolt workers
[2021-05-13 08:47:55.471] [memgraph_log] [info] Bolt server is fully armed and operational
[2021-05-13 08:47:55.471] [memgraph_log] [info] Bolt listening on 0.0.0.0:7687
[2021-05-13 08:47:59.585] [memgraph_log] [info] Accepted a Bolt connection from 172.21.0.1:36506
[2021-05-13 08:47:59.585] [memgraph_log] [info] Accepted a Bolt connection from 172.21.0.1:36508
[2021-05-13 08:47:59.585] [memgraph_log] [info] Using version 1.0 of protocol
[2021-05-13 08:47:59.585] [memgraph_log] [info] Using version 1.0 of protocol
[2021-05-13 08:47:59.591] [memgraph_log] [info] Client connected 'neo4j-javascript/0.0.0-dev'
[2021-05-13 08:47:59.591] [memgraph_log] [info] Client connected 'neo4j-javascript/0.0.0-dev'
[2021-05-13 08:47:59.597] [memgraph_log] [debug] [Run] 'SHOW STORAGE INFO'
[2021-05-13 08:47:59.597] [memgraph_log] [debug] [Run] 'MATCH (n) RETURN COUNT(n) AS cnt'
[2021-05-13 08:48:04.584] [memgraph_log] [debug] [Run] 'MATCH (n) RETURN COUNT(n) AS cnt'
[2021-05-13 08:48:04.584] [memgraph_log] [debug] [Run] 'SHOW STORAGE INFO'
[2021-05-13 08:48:06.428] [memgraph_log] [debug] [Run] 'MATCH (n) RETURN COUNT(n) AS cnt'
[2021-05-13 08:48:07.911] [memgraph_log] [debug] [Run] 'MATCH (n) RETURN n'
[2021-05-13 08:52:54.931] [memgraph_log] [info] Starting snapshot creation to "/var/lib/memgraph/snapshots/20210513085254931407_timestamp_35"
[2021-05-13 08:52:54.942] [memgraph_log] [info] Snapshot creation successful!
[2021-05-13 08:56:46.543] [memgraph_log] [info] Memory limit set to 12.38GiB
[2021-05-13 08:56:46.546] [memgraph_log] [info] Recovering persisted data using snapshot ("/var/lib/memgraph/snapshots") and WAL directory ("/var/lib/memgraph/wal").
[2021-05-13 08:56:46.549] [memgraph_log] [info] Try recovering from snapshot directory "/var/lib/memgraph/snapshots".
[2021-05-13 08:56:46.549] [memgraph_log] [info] Starting snapshot recovery from "/var/lib/memgraph/snapshots/20210513085646508278_timestamp_10".
[2021-05-13 08:56:46.551] [memgraph_log] [info] Recovering 5 vertices and 0 edges.
[2021-05-13 08:56:46.551] [memgraph_log] [info] Recovering mapper metadata.
[2021-05-13 08:56:46.551] [memgraph_log] [info] Recovering 0 edges.
[2021-05-13 08:56:46.551] [memgraph_log] [info] Edges are recovered.
[2021-05-13 08:56:46.551] [memgraph_log] [info] Recovering 5 vertices.
[2021-05-13 08:56:46.551] [memgraph_log] [debug] Recovering vertex 0.
[2021-05-13 08:56:46.552] [memgraph_log] [trace] Recovering labels for vertex 0.
[2021-05-13 08:56:46.552] [memgraph_log] [trace] Recovering properties for vertex 0.
[2021-05-13 08:56:46.552] [memgraph_log] [debug] Recovering vertex 1.
[2021-05-13 08:56:46.552] [memgraph_log] [trace] Recovering labels for vertex 1.
[2021-05-13 08:56:46.552] [memgraph_log] [trace] Recovering properties for vertex 1.
[2021-05-13 08:56:46.552] [memgraph_log] [debug] Recovering vertex 2.
[2021-05-13 08:56:46.552] [memgraph_log] [trace] Recovering labels for vertex 2.
[2021-05-13 08:56:46.552] [memgraph_log] [trace] Recovering properties for vertex 2.
[2021-05-13 08:56:46.552] [memgraph_log] [debug] Recovering vertex 3.
[2021-05-13 08:56:46.552] [memgraph_log] [trace] Recovering labels for vertex 3.
[2021-05-13 08:56:46.553] [memgraph_log] [trace] Recovering properties for vertex 3.
[2021-05-13 08:56:46.553] [memgraph_log] [debug] Recovering vertex 4.
[2021-05-13 08:56:46.553] [memgraph_log] [trace] Recovering labels for vertex 4.
[2021-05-13 08:56:46.553] [memgraph_log] [trace] Recovering properties for vertex 4.
[2021-05-13 08:56:46.553] [memgraph_log] [info] Vertices are recovered.
[2021-05-13 08:56:46.553] [memgraph_log] [info] Recovering connectivity.
[2021-05-13 08:56:46.553] [memgraph_log] [trace] Recovering connectivity for vertex 0.
[2021-05-13 08:56:46.553] [memgraph_log] [trace] Recovering inbound edges for vertex 0.
[2021-05-13 08:56:46.554] [memgraph_log] [trace] Recovering outbound edges for vertex 0.
[2021-05-13 08:56:46.554] [memgraph_log] [trace] Recovering connectivity for vertex 1.
[2021-05-13 08:56:46.554] [memgraph_log] [trace] Recovering inbound edges for vertex 1.
[2021-05-13 08:56:46.554] [memgraph_log] [trace] Recovering outbound edges for vertex 1.
[2021-05-13 08:56:46.554] [memgraph_log] [trace] Recovering connectivity for vertex 2.
[2021-05-13 08:56:46.554] [memgraph_log] [trace] Recovering inbound edges for vertex 2.
[2021-05-13 08:56:46.554] [memgraph_log] [trace] Recovering outbound edges for vertex 2.
[2021-05-13 08:56:46.554] [memgraph_log] [trace] Recovering connectivity for vertex 3.
[2021-05-13 08:56:46.554] [memgraph_log] [trace] Recovering inbound edges for vertex 3.
[2021-05-13 08:56:46.555] [memgraph_log] [trace] Recovering outbound edges for vertex 3.
[2021-05-13 08:56:46.555] [memgraph_log] [trace] Recovering connectivity for vertex 4.
[2021-05-13 08:56:46.555] [memgraph_log] [trace] Recovering inbound edges for vertex 4.
[2021-05-13 08:56:46.555] [memgraph_log] [trace] Recovering outbound edges for vertex 4.
[2021-05-13 08:56:46.555] [memgraph_log] [info] Connectivity is recovered.
[2021-05-13 08:56:46.555] [memgraph_log] [info] Recovering metadata of indices.
[2021-05-13 08:56:46.555] [memgraph_log] [info] Recovering metadata of 0 label indices.
[2021-05-13 08:56:46.556] [memgraph_log] [info] Metadata of label indices are recovered.
[2021-05-13 08:56:46.556] [memgraph_log] [info] Recovering metadata of 0 label+property indices.
[2021-05-13 08:56:46.556] [memgraph_log] [info] Metadata of label+property indices are recovered.
[2021-05-13 08:56:46.556] [memgraph_log] [info] Metadata of indices are recovered.
[2021-05-13 08:56:46.556] [memgraph_log] [info] Recovering metadata of constraints.
[2021-05-13 08:56:46.556] [memgraph_log] [info] Recovering metadata of 0 existence constraints.
[2021-05-13 08:56:46.556] [memgraph_log] [info] Metadata of existence constraints are recovered.
[2021-05-13 08:56:46.556] [memgraph_log] [info] Recovering metadata of 0 unique constraints.
[2021-05-13 08:56:46.556] [memgraph_log] [info] Metadata of unique constraints are recovered.
[2021-05-13 08:56:46.557] [memgraph_log] [info] Metadata of constraints are recovered.
[2021-05-13 08:56:46.557] [memgraph_log] [info] Recovering metadata.
[2021-05-13 08:56:46.557] [memgraph_log] [info] Metadata recovered.
[2021-05-13 08:56:46.557] [memgraph_log] [info] Snapshot recovery successful!
[2021-05-13 08:56:46.559] [memgraph_log] [info] Recreating indices from metadata.
[2021-05-13 08:56:46.560] [memgraph_log] [info] Recreating 0 label indices from metadata.
[2021-05-13 08:56:46.560] [memgraph_log] [info] Label indices are recreated.
[2021-05-13 08:56:46.560] [memgraph_log] [info] Recreating 0 label+property indices from metadata.
[2021-05-13 08:56:46.560] [memgraph_log] [info] Label+property indices are recreated.
[2021-05-13 08:56:46.560] [memgraph_log] [info] Indices are recreated.
[2021-05-13 08:56:46.560] [memgraph_log] [info] Recreating constraints from metadata.
[2021-05-13 08:56:46.560] [memgraph_log] [info] Recreating 0 existence constraints from metadata.
[2021-05-13 08:56:46.560] [memgraph_log] [info] Existence constraints are recreated from metadata.
[2021-05-13 08:56:46.560] [memgraph_log] [info] Recreating 0 unique constraints from metadata.
[2021-05-13 08:56:46.560] [memgraph_log] [info] Unique constraints are recreated from metadata.
[2021-05-13 08:56:46.561] [memgraph_log] [info] Constraints are recreated from metadata.
[2021-05-13 08:56:46.562] [memgraph_log] [info] Loading module "/usr/lib/memgraph/query_modules/mgp_networkx.py"...
[2021-05-13 08:56:46.861] [memgraph_log] [info] Loaded module "/usr/lib/memgraph/query_modules/mgp_networkx.py"
[2021-05-13 08:56:46.861] [memgraph_log] [info] Loading module "/usr/lib/memgraph/query_modules/wcc.py"...
[2021-05-13 08:56:46.862] [memgraph_log] [info] Loaded module "/usr/lib/memgraph/query_modules/wcc.py"
[2021-05-13 08:56:46.862] [memgraph_log] [info] Loading module "/usr/lib/memgraph/query_modules/graph_analyzer.py"...
[2021-05-13 08:56:46.864] [memgraph_log] [info] Loaded module "/usr/lib/memgraph/query_modules/graph_analyzer.py"
[2021-05-13 08:56:46.864] [memgraph_log] [info] Loading module "/usr/lib/memgraph/query_modules/py_example.py"...
[2021-05-13 08:56:46.865] [memgraph_log] [info] Loaded module "/usr/lib/memgraph/query_modules/py_example.py"
[2021-05-13 08:56:46.865] [memgraph_log] [info] Loading module "/usr/lib/memgraph/query_modules/example.so"...
[2021-05-13 08:56:46.866] [memgraph_log] [info] Loaded module "/usr/lib/memgraph/query_modules/example.so"
[2021-05-13 08:56:46.866] [memgraph_log] [info] Loading module "/usr/lib/memgraph/query_modules/nxalg.py"...
[2021-05-13 08:56:46.890] [memgraph_log] [info] Loaded module "/usr/lib/memgraph/query_modules/nxalg.py"
[2021-05-13 08:56:46.890] [memgraph_log] [warning] Using non-secure Bolt connection (without SSL)
[2021-05-13 08:56:47.044] [memgraph_log] [info] Starting 8 Bolt workers
[2021-05-13 08:56:47.045] [memgraph_log] [info] Bolt server is fully armed and operational
[2021-05-13 08:56:47.045] [memgraph_log] [info] Bolt listening on 0.0.0.0:7687
